01-Jan-2017 16:55:42.746 INFORMATION [main] org.apache.catalina.startup.VersionLoggerListener.log Server version:        Apache Tomcat/8.5.8
01-Jan-2017 16:55:42.748 INFORMATION [main] org.apache.catalina.startup.VersionLoggerListener.log Server built:          Nov 3 2016 21:14:13 UTC
01-Jan-2017 16:55:42.748 INFORMATION [main] org.apache.catalina.startup.VersionLoggerListener.log Server number:         8.5.8.0
01-Jan-2017 16:55:42.748 INFORMATION [main] org.apache.catalina.startup.VersionLoggerListener.log OS Name:               Mac OS X
01-Jan-2017 16:55:42.748 INFORMATION [main] org.apache.catalina.startup.VersionLoggerListener.log OS Version:            10.10.5
01-Jan-2017 16:55:42.748 INFORMATION [main] org.apache.catalina.startup.VersionLoggerListener.log Architecture:          x86_64
01-Jan-2017 16:55:42.749 INFORMATION [main] org.apache.catalina.startup.VersionLoggerListener.log Java Home:             /Library/Java/JavaVirtualMachines/jdk1.8.0_25.jdk/Contents/Home/jre
01-Jan-2017 16:55:42.749 INFORMATION [main] org.apache.catalina.startup.VersionLoggerListener.log JVM Version:           1.8.0_25-b17
01-Jan-2017 16:55:42.749 INFORMATION [main] org.apache.catalina.startup.VersionLoggerListener.log JVM Vendor:            Oracle Corporation
01-Jan-2017 16:55:42.749 INFORMATION [main] org.apache.catalina.startup.VersionLoggerListener.log CATALINA_BASE:         /Users/thomas/study/apache-tomcat
01-Jan-2017 16:55:42.749 INFORMATION [main] org.apache.catalina.startup.VersionLoggerListener.log CATALINA_HOME:         /Users/thomas/study/apache-tomcat
01-Jan-2017 16:55:42.750 INFORMATION [main] org.apache.catalina.startup.VersionLoggerListener.log Command line argument: -Djava.util.logging.config.file=/Users/thomas/study/apache-tomcat/conf/logging.properties
01-Jan-2017 16:55:42.750 INFORMATION [main] org.apache.catalina.startup.VersionLoggerListener.log Command line argument: -Djava.util.logging.manager=org.apache.juli.ClassLoaderLogManager
01-Jan-2017 16:55:42.750 INFORMATION [main] org.apache.catalina.startup.VersionLoggerListener.log Command line argument: -Djdk.tls.ephemeralDHKeySize=2048
01-Jan-2017 16:55:42.750 INFORMATION [main] org.apache.catalina.startup.VersionLoggerListener.log Command line argument: -Djava.protocol.handler.pkgs=org.apache.catalina.webresources
01-Jan-2017 16:55:42.750 INFORMATION [main] org.apache.catalina.startup.VersionLoggerListener.log Command line argument: -Dcatalina.base=/Users/thomas/study/apache-tomcat
01-Jan-2017 16:55:42.750 INFORMATION [main] org.apache.catalina.startup.VersionLoggerListener.log Command line argument: -Dcatalina.home=/Users/thomas/study/apache-tomcat
01-Jan-2017 16:55:42.751 INFORMATION [main] org.apache.catalina.startup.VersionLoggerListener.log Command line argument: -Djava.io.tmpdir=/Users/thomas/study/apache-tomcat/temp
01-Jan-2017 16:55:42.751 INFORMATION [main] org.apache.catalina.core.AprLifecycleListener.lifecycleEvent The APR based Apache Tomcat Native library which allows optimal performance in production environments was not found on the java.library.path: /Users/thomas/Library/Java/Extensions:/Library/Java/Extensions:/Network/Library/Java/Extensions:/System/Library/Java/Extensions:/usr/lib/java:.
01-Jan-2017 16:55:42.955 INFORMATION [main] org.apache.coyote.AbstractProtocol.init Initializing ProtocolHandler ["http-nio-8181"]
01-Jan-2017 16:55:42.991 INFORMATION [main] org.apache.tomcat.util.net.NioSelectorPool.getSharedSelector Using a shared selector for servlet write/read
01-Jan-2017 16:55:42.999 INFORMATION [main] org.apache.coyote.AbstractProtocol.init Initializing ProtocolHandler ["ajp-nio-8009"]
01-Jan-2017 16:55:43.001 INFORMATION [main] org.apache.tomcat.util.net.NioSelectorPool.getSharedSelector Using a shared selector for servlet write/read
01-Jan-2017 16:55:43.001 INFORMATION [main] org.apache.catalina.startup.Catalina.load Initialization processed in 856 ms
01-Jan-2017 16:55:43.050 INFORMATION [main] org.apache.catalina.core.StandardService.startInternal Starting service Catalina
01-Jan-2017 16:55:43.050 INFORMATION [main] org.apache.catalina.core.StandardEngine.startInternal Starting Servlet Engine: Apache Tomcat/8.5.8
01-Jan-2017 16:55:43.061 INFORMATION [localhost-startStop-1] org.apache.catalina.startup.HostConfig.deployDirectory Deploying web application directory /Users/thomas/study/apache-tomcat/webapps/docs
01-Jan-2017 16:55:43.682 INFORMATION [localhost-startStop-1] org.apache.catalina.startup.HostConfig.deployDirectory Deployment of web application directory /Users/thomas/study/apache-tomcat/webapps/docs has finished in 621 ms
01-Jan-2017 16:55:43.683 INFORMATION [localhost-startStop-1] org.apache.catalina.startup.HostConfig.deployDirectory Deploying web application directory /Users/thomas/study/apache-tomcat/webapps/examples
01-Jan-2017 16:55:44.142 INFORMATION [localhost-startStop-1] org.apache.catalina.startup.HostConfig.deployDirectory Deployment of web application directory /Users/thomas/study/apache-tomcat/webapps/examples has finished in 459 ms
01-Jan-2017 16:55:44.143 INFORMATION [localhost-startStop-1] org.apache.catalina.startup.HostConfig.deployDirectory Deploying web application directory /Users/thomas/study/apache-tomcat/webapps/host-manager
01-Jan-2017 16:55:44.177 INFORMATION [localhost-startStop-1] org.apache.catalina.startup.HostConfig.deployDirectory Deployment of web application directory /Users/thomas/study/apache-tomcat/webapps/host-manager has finished in 34 ms
01-Jan-2017 16:55:44.178 INFORMATION [localhost-startStop-1] org.apache.catalina.startup.HostConfig.deployDirectory Deploying web application directory /Users/thomas/study/apache-tomcat/webapps/manager
01-Jan-2017 16:55:44.209 INFORMATION [localhost-startStop-1] org.apache.catalina.startup.HostConfig.deployDirectory Deployment of web application directory /Users/thomas/study/apache-tomcat/webapps/manager has finished in 31 ms
01-Jan-2017 16:55:44.210 INFORMATION [localhost-startStop-1] org.apache.catalina.startup.HostConfig.deployDirectory Deploying web application directory /Users/thomas/study/apache-tomcat/webapps/ROOT
01-Jan-2017 16:55:44.232 INFORMATION [localhost-startStop-1] org.apache.catalina.startup.HostConfig.deployDirectory Deployment of web application directory /Users/thomas/study/apache-tomcat/webapps/ROOT has finished in 22 ms
01-Jan-2017 16:55:44.238 INFORMATION [main] org.apache.coyote.AbstractProtocol.start Starting ProtocolHandler [http-nio-8181]
01-Jan-2017 16:55:44.253 INFORMATION [main] org.apache.coyote.AbstractProtocol.start Starting ProtocolHandler [ajp-nio-8009]
01-Jan-2017 16:55:44.255 INFORMATION [main] org.apache.catalina.startup.Catalina.start Server startup in 1252 ms
01-Jan-2017 16:57:07.133 INFORMATION [Async0-Thread] async.Async0$1.run Putting AsyncThread to sleep
01-Jan-2017 16:57:09.134 INFORMATION [Async0-Thread] async.Async0$1.run Dispatching
01-Jan-2017 16:57:09.144 INFORMATION [http-nio-8181-exec-1] async.Async0.service Received dispatch, completing on the worker thread.
01-Jan-2017 16:57:09.144 INFORMATION [http-nio-8181-exec-1] async.Async0.service After complete called started:false
