30-Nov-2016 18:28:02.597 INFORMATION [main] org.apache.catalina.startup.VersionLoggerListener.log Server version:        Apache Tomcat/8.5.8
30-Nov-2016 18:28:02.598 INFORMATION [main] org.apache.catalina.startup.VersionLoggerListener.log Server built:          Nov 3 2016 21:14:13 UTC
30-Nov-2016 18:28:02.599 INFORMATION [main] org.apache.catalina.startup.VersionLoggerListener.log Server number:         8.5.8.0
30-Nov-2016 18:28:02.599 INFORMATION [main] org.apache.catalina.startup.VersionLoggerListener.log OS Name:               Linux
30-Nov-2016 18:28:02.599 INFORMATION [main] org.apache.catalina.startup.VersionLoggerListener.log OS Version:            4.8.11-1-nvme
30-Nov-2016 18:28:02.599 INFORMATION [main] org.apache.catalina.startup.VersionLoggerListener.log Architecture:          amd64
30-Nov-2016 18:28:02.599 INFORMATION [main] org.apache.catalina.startup.VersionLoggerListener.log Java Home:             /usr/lib/jvm/java-8-openjdk/jre
30-Nov-2016 18:28:02.599 INFORMATION [main] org.apache.catalina.startup.VersionLoggerListener.log JVM Version:           1.8.0_112-b15
30-Nov-2016 18:28:02.599 INFORMATION [main] org.apache.catalina.startup.VersionLoggerListener.log JVM Vendor:            Oracle Corporation
30-Nov-2016 18:28:02.599 INFORMATION [main] org.apache.catalina.startup.VersionLoggerListener.log CATALINA_BASE:         /home/tm/Dokumente/Study/SA/apache-tomcat-8.5.8
30-Nov-2016 18:28:02.599 INFORMATION [main] org.apache.catalina.startup.VersionLoggerListener.log CATALINA_HOME:         /home/tm/Dokumente/Study/SA/apache-tomcat-8.5.8
30-Nov-2016 18:28:02.599 INFORMATION [main] org.apache.catalina.startup.VersionLoggerListener.log Command line argument: -Djava.util.logging.config.file=/home/tm/Dokumente/Study/SA/apache-tomcat-8.5.8/conf/logging.properties
30-Nov-2016 18:28:02.599 INFORMATION [main] org.apache.catalina.startup.VersionLoggerListener.log Command line argument: -Djava.util.logging.manager=org.apache.juli.ClassLoaderLogManager
30-Nov-2016 18:28:02.599 INFORMATION [main] org.apache.catalina.startup.VersionLoggerListener.log Command line argument: -Djdk.tls.ephemeralDHKeySize=2048
30-Nov-2016 18:28:02.600 INFORMATION [main] org.apache.catalina.startup.VersionLoggerListener.log Command line argument: -Djava.protocol.handler.pkgs=org.apache.catalina.webresources
30-Nov-2016 18:28:02.600 INFORMATION [main] org.apache.catalina.startup.VersionLoggerListener.log Command line argument: -Dcatalina.base=/home/tm/Dokumente/Study/SA/apache-tomcat-8.5.8
30-Nov-2016 18:28:02.600 INFORMATION [main] org.apache.catalina.startup.VersionLoggerListener.log Command line argument: -Dcatalina.home=/home/tm/Dokumente/Study/SA/apache-tomcat-8.5.8
30-Nov-2016 18:28:02.600 INFORMATION [main] org.apache.catalina.startup.VersionLoggerListener.log Command line argument: -Djava.io.tmpdir=/home/tm/Dokumente/Study/SA/apache-tomcat-8.5.8/temp
30-Nov-2016 18:28:02.600 INFORMATION [main] org.apache.catalina.core.AprLifecycleListener.lifecycleEvent The APR based Apache Tomcat Native library which allows optimal performance in production environments was not found on the java.library.path: /usr/java/packages/lib/amd64:/usr/lib64:/lib64:/lib:/usr/lib
30-Nov-2016 18:28:02.650 INFORMATION [main] org.apache.coyote.AbstractProtocol.init Initializing ProtocolHandler ["http-nio-8080"]
30-Nov-2016 18:28:02.661 INFORMATION [main] org.apache.tomcat.util.net.NioSelectorPool.getSharedSelector Using a shared selector for servlet write/read
30-Nov-2016 18:28:02.663 INFORMATION [main] org.apache.coyote.AbstractProtocol.init Initializing ProtocolHandler ["ajp-nio-8009"]
30-Nov-2016 18:28:02.664 INFORMATION [main] org.apache.tomcat.util.net.NioSelectorPool.getSharedSelector Using a shared selector for servlet write/read
30-Nov-2016 18:28:02.665 INFORMATION [main] org.apache.catalina.startup.Catalina.load Initialization processed in 374 ms
30-Nov-2016 18:28:02.684 INFORMATION [main] org.apache.catalina.core.StandardService.startInternal Starting service Catalina
30-Nov-2016 18:28:02.684 INFORMATION [main] org.apache.catalina.core.StandardEngine.startInternal Starting Servlet Engine: Apache Tomcat/8.5.8
30-Nov-2016 18:28:02.691 INFORMATION [localhost-startStop-1] org.apache.catalina.startup.HostConfig.deployDirectory Deploying web application directory /home/tm/Dokumente/Study/SA/apache-tomcat-8.5.8/webapps/docs
30-Nov-2016 18:28:02.901 INFORMATION [localhost-startStop-1] org.apache.catalina.startup.HostConfig.deployDirectory Deployment of web application directory /home/tm/Dokumente/Study/SA/apache-tomcat-8.5.8/webapps/docs has finished in 209 ms
30-Nov-2016 18:28:02.901 INFORMATION [localhost-startStop-1] org.apache.catalina.startup.HostConfig.deployDirectory Deploying web application directory /home/tm/Dokumente/Study/SA/apache-tomcat-8.5.8/webapps/examples
30-Nov-2016 18:28:03.081 INFORMATION [localhost-startStop-1] org.apache.catalina.startup.HostConfig.deployDirectory Deployment of web application directory /home/tm/Dokumente/Study/SA/apache-tomcat-8.5.8/webapps/examples has finished in 179 ms
30-Nov-2016 18:28:03.081 INFORMATION [localhost-startStop-1] org.apache.catalina.startup.HostConfig.deployDirectory Deploying web application directory /home/tm/Dokumente/Study/SA/apache-tomcat-8.5.8/webapps/host-manager
30-Nov-2016 18:28:03.098 INFORMATION [localhost-startStop-1] org.apache.catalina.startup.HostConfig.deployDirectory Deployment of web application directory /home/tm/Dokumente/Study/SA/apache-tomcat-8.5.8/webapps/host-manager has finished in 17 ms
30-Nov-2016 18:28:03.098 INFORMATION [localhost-startStop-1] org.apache.catalina.startup.HostConfig.deployDirectory Deploying web application directory /home/tm/Dokumente/Study/SA/apache-tomcat-8.5.8/webapps/manager
30-Nov-2016 18:28:03.113 INFORMATION [localhost-startStop-1] org.apache.catalina.startup.HostConfig.deployDirectory Deployment of web application directory /home/tm/Dokumente/Study/SA/apache-tomcat-8.5.8/webapps/manager has finished in 15 ms
30-Nov-2016 18:28:03.113 INFORMATION [localhost-startStop-1] org.apache.catalina.startup.HostConfig.deployDirectory Deploying web application directory /home/tm/Dokumente/Study/SA/apache-tomcat-8.5.8/webapps/ROOT
30-Nov-2016 18:28:03.123 INFORMATION [localhost-startStop-1] org.apache.catalina.startup.HostConfig.deployDirectory Deployment of web application directory /home/tm/Dokumente/Study/SA/apache-tomcat-8.5.8/webapps/ROOT has finished in 10 ms
30-Nov-2016 18:28:03.125 INFORMATION [main] org.apache.coyote.AbstractProtocol.start Starting ProtocolHandler [http-nio-8080]
30-Nov-2016 18:28:03.128 INFORMATION [main] org.apache.coyote.AbstractProtocol.start Starting ProtocolHandler [ajp-nio-8009]
30-Nov-2016 18:28:03.129 INFORMATION [main] org.apache.catalina.startup.Catalina.start Server startup in 463 ms
30-Nov-2016 18:28:44.826 INFORMATION [main] org.apache.catalina.core.StandardServer.await A valid shutdown command was received via the shutdown port. Stopping the Server instance.
30-Nov-2016 18:28:44.826 INFORMATION [main] org.apache.coyote.AbstractProtocol.pause Pausing ProtocolHandler ["http-nio-8080"]
30-Nov-2016 18:28:44.879 INFORMATION [main] org.apache.coyote.AbstractProtocol.pause Pausing ProtocolHandler ["ajp-nio-8009"]
30-Nov-2016 18:28:44.929 INFORMATION [main] org.apache.catalina.core.StandardService.stopInternal Stopping service Catalina
30-Nov-2016 18:28:44.959 INFORMATION [main] org.apache.coyote.AbstractProtocol.stop Stopping ProtocolHandler ["http-nio-8080"]
30-Nov-2016 18:28:44.961 INFORMATION [main] org.apache.coyote.AbstractProtocol.stop Stopping ProtocolHandler ["ajp-nio-8009"]
30-Nov-2016 18:28:44.962 INFORMATION [main] org.apache.coyote.AbstractProtocol.destroy Destroying ProtocolHandler ["http-nio-8080"]
30-Nov-2016 18:28:44.963 INFORMATION [main] org.apache.coyote.AbstractProtocol.destroy Destroying ProtocolHandler ["ajp-nio-8009"]
